<?xml version="1.0" encoding="UTF-8"?>
<!-- Generated by org.testng.reporters.JUnitReportReporter -->
<testsuite hostname="Abhilesh-ubq" name="com.tutorialspoint.demo.hr.model.Google_signup" tests="1" failures="0" timestamp="18 May 2015 13:14:55 GMT" time="24.877" errors="0">
  <testcase name="Signup" time="24.877" classname="com.tutorialspoint.demo.hr.model.Google_signup"/>
</testsuite> <!-- com.tutorialspoint.demo.hr.model.Google_signup -->
