<?xml version="1.0" encoding="UTF-8"?>
<!-- Generated by org.testng.reporters.JUnitReportReporter -->
<testsuite hostname="Abhilesh-ubq" name="com.tutorialspoint.demo.hr.model.ToolsQa" tests="1" failures="0" timestamp="19 May 2015 10:06:22 GMT" time="4.769" errors="0">
  <testcase name="Test" time="4.769" classname="com.tutorialspoint.demo.hr.model.ToolsQa"/>
</testsuite> <!-- com.tutorialspoint.demo.hr.model.ToolsQa -->
