<?xml version="1.0" encoding="UTF-8"?>
<!-- Generated by org.testng.reporters.JUnitReportReporter -->
<testsuite hostname="Abhilesh-ubq" name="com.tutorialspoint.demo.hr.model.MercuryTours" tests="1" failures="0" timestamp="26 May 2015 07:29:47 GMT" time="34.612" errors="0">
  <testcase name="Test" time="34.612" classname="com.tutorialspoint.demo.hr.model.MercuryTours"/>
</testsuite> <!-- com.tutorialspoint.demo.hr.model.MercuryTours -->
