<?xml version="1.0" encoding="UTF-8"?>
<!-- Generated by org.testng.reporters.JUnitReportReporter -->
<testsuite hostname="Abhilesh-ubq" name="com.tutorialspoint.demo.hr.model.DemoClass2" tests="1" failures="0" timestamp="13 May 2015 10:32:38 GMT" time="24.426" errors="0">
  <testcase name="Test" time="24.426" classname="com.tutorialspoint.demo.hr.model.DemoClass2"/>
</testsuite> <!-- com.tutorialspoint.demo.hr.model.DemoClass2 -->
