<?xml version="1.0" encoding="UTF-8"?>
<!-- Generated by org.testng.reporters.JUnitReportReporter -->
<testsuite hostname="Abhilesh-ubq" name="com.tutorialspoint.demo.hr.model.DemoClass" tests="1" failures="0" timestamp="13 May 2015 06:09:35 GMT" time="10.687" errors="0">
  <testcase name="Login" time="10.687" classname="com.tutorialspoint.demo.hr.model.DemoClass"/>
</testsuite> <!-- com.tutorialspoint.demo.hr.model.DemoClass -->
