<?xml version="1.0" encoding="UTF-8"?>
<!-- Generated by org.testng.reporters.JUnitReportReporter -->
<testsuite hostname="Abhilesh-ubq" name="com.tutorialspoint.demo.hr.model.Arijit" tests="1" failures="0" timestamp="14 May 2015 13:02:48 GMT" time="11.549" errors="0">
  <testcase name="test" time="11.549" classname="com.tutorialspoint.demo.hr.model.Arijit"/>
</testsuite> <!-- com.tutorialspoint.demo.hr.model.Arijit -->
