<?xml version="1.0" encoding="UTF-8"?>
<!-- Generated by org.testng.reporters.JUnitReportReporter -->
<testsuite hostname="Abhilesh-ubq" name="com.tutorialspoint.demo.hr.model.GoogleSearch" tests="1" failures="0" timestamp="20 May 2015 12:04:38 GMT" time="8.885" errors="0">
  <testcase name="Search" time="8.885" classname="com.tutorialspoint.demo.hr.model.GoogleSearch"/>
</testsuite> <!-- com.tutorialspoint.demo.hr.model.GoogleSearch -->
