<?xml version="1.0" encoding="UTF-8"?>
<!-- Generated by org.testng.reporters.JUnitReportReporter -->
<testsuite hostname="Abhilesh-ubq" name="com.tutorialspoint.demo.hr.model.Tools_qa" tests="1" failures="0" timestamp="21 May 2015 09:33:34 GMT" time="12.161" errors="0">
  <testcase name="Test" time="12.161" classname="com.tutorialspoint.demo.hr.model.Tools_qa"/>
</testsuite> <!-- com.tutorialspoint.demo.hr.model.Tools_qa -->
